# ĞĞ½Ğ°Ğ»Ğ¸Ğ· Ğ¿Ğ¾Ğ¸ÑĞºĞ¾Ğ²Ñ‹Ñ… Ğ·Ğ°Ğ¿Ñ€Ğ¾ÑĞ¾Ğ²

## ĞŸĞ¾Ğ¸ÑĞº Ğ´Ğ¾ĞºÑƒĞ¼ĞµĞ½Ñ‚Ğ¾Ğ²: ĞĞ½Ğ°Ğ»Ğ¸Ğ· Ğ¿Ñ€Ğ¾Ğ¸Ğ·Ğ²Ğ¾Ğ´Ğ¸Ñ‚ĞµĞ»ÑŒĞ½Ğ¾ÑÑ‚Ğ¸

## ğŸ“Œ Ğ¢Ğ¸Ğ¿Ğ¸Ñ‡Ğ½Ñ‹Ğ¹ Ğ¿Ğ¾Ğ¸ÑĞºĞ¾Ğ²Ñ‹Ğ¹ Ğ·Ğ°Ğ¿Ñ€Ğ¾Ñ

### -- ĞŸĞ¾Ğ¸ÑĞº Ğ´Ğ¾ĞºÑƒĞ¼ĞµĞ½Ñ‚Ğ¾Ğ² Ğ¿Ğ¾ ÑÑ‚Ğ°Ñ‚ÑƒÑÑƒ, Ğ°Ğ²Ñ‚Ğ¾Ñ€Ñƒ Ğ¸ Ğ´Ğ°Ñ‚Ğµ ÑĞ¾Ğ·Ğ´Ğ°Ğ½Ğ¸Ñ
SELECT id, document_number, author, title, status, created_at, updated_at
FROM documents
WHERE status = 'SUBMITTED'
AND author LIKE '%Ğ˜Ğ²Ğ°Ğ½Ğ¾Ğ²%'
AND created_at BETWEEN '2026-01-01' AND '2026-02-20'
ORDER BY created_at DESC
LIMIT 20;

## ğŸ” EXPLAIN (ANALYZE) Ñ€ĞµĞ·ÑƒĞ»ÑŒÑ‚Ğ°Ñ‚
### Ğ‘ĞµĞ· Ğ¸Ğ½Ğ´ĞµĞºÑĞ¾Ğ² (Ğ´Ğ¾ Ğ¾Ğ¿Ñ‚Ğ¸Ğ¼Ğ¸Ğ·Ğ°Ñ†Ğ¸Ğ¸):
EXPLAIN (ANALYZE, BUFFERS)
SELECT * FROM documents
WHERE status = 'SUBMITTED'
AND author LIKE '%Ğ˜Ğ²Ğ°Ğ½Ğ¾Ğ²%';

Seq Scan on documents  (cost=0.00..1543.00 rows=1 width=200)
(actual time=15.2..87.3 rows=245 loops=1)
Filter: ((status = 'SUBMITTED'::text) AND (author ~~ '%Ğ˜Ğ²Ğ°Ğ½Ğ¾Ğ²%'::text))
Rows Removed by Filter: 9755
Buffers: shared hit=825
Planning Time: 0.123 ms
Execution Time: 87.5 ms

### ĞŸÑ€Ğ¾Ğ±Ğ»ĞµĞ¼Ñ‹:

Seq Scan - Ğ¿Ğ¾Ğ»Ğ½Ğ¾Ğµ ÑĞºĞ°Ğ½Ğ¸Ñ€Ğ¾Ğ²Ğ°Ğ½Ğ¸Ğµ Ñ‚Ğ°Ğ±Ğ»Ğ¸Ñ†Ñ‹ (9755 ÑÑ‚Ñ€Ğ¾Ğº Ğ¾Ñ‚Ñ„Ğ¸Ğ»ÑŒÑ‚Ñ€Ğ¾Ğ²Ğ°Ğ½Ğ¾)

Ğ’Ñ€ĞµĞ¼Ñ Ğ²Ñ‹Ğ¿Ğ¾Ğ»Ğ½ĞµĞ½Ğ¸Ñ: 87.5 ms

## Ğ¡ Ğ¸Ğ½Ğ´ĞµĞºÑĞ°Ğ¼Ğ¸ (Ğ¿Ğ¾ÑĞ»Ğµ Ğ¾Ğ¿Ñ‚Ğ¸Ğ¼Ğ¸Ğ·Ğ°Ñ†Ğ¸Ğ¸):
sql
### -- Ğ¡Ğ¾Ğ·Ğ´Ğ°ĞµĞ¼ Ğ¸Ğ½Ğ´ĞµĞºÑÑ‹
CREATE INDEX idx_documents_status ON documents(status);
CREATE INDEX idx_documents_author ON documents(author);
CREATE INDEX idx_documents_created_at ON documents(created_at);

### -- ĞĞ½Ğ°Ğ»Ğ¸Ğ·Ğ¸Ñ€ÑƒĞµĞ¼ ÑĞ½Ğ¾Ğ²Ğ°
EXPLAIN (ANALYZE, BUFFERS)
SELECT * FROM documents
WHERE status = 'SUBMITTED'
AND author LIKE '%Ğ˜Ğ²Ğ°Ğ½Ğ¾Ğ²%'
AND created_at >= '2026-01-01';
text
Bitmap Heap Scan on documents  (cost=28.5..156.3 rows=42 width=200)
(actual time=0.45..2.34 rows=245 loops=1)
Recheck Cond: ((status = 'SUBMITTED'::text) AND (created_at >= '2026-01-01'::date))
Filter: (author ~~ '%Ğ˜Ğ²Ğ°Ğ½Ğ¾Ğ²%'::text)
Rows Removed by Filter: 120
Heap Blocks: exact=45
Buffers: shared hit=128
->  BitmapAnd  (cost=28.5..28.5 rows=156 width=0)
(actual time=0.38..0.38 rows=0 loops=1)
Buffers: shared hit=83
->  Bitmap Index Scan on idx_documents_status  
(cost=0.0..8.2 rows=312 width=0)
(actual time=0.15..0.15 rows=365 loops=1)
Index Cond: (status = 'SUBMITTED'::text)
Buffers: shared hit=42
->  Bitmap Index Scan on idx_documents_created_at  
(cost=0.0..19.8 rows=1250 width=0)
(actual time=0.19..0.19 rows=1245 loops=1)
Index Cond: (created_at >= '2026-01-01'::date)
Buffers: shared hit=41
Planning Time: 0.156 ms
Execution Time: 2.56 ms
### Ğ£Ğ»ÑƒÑ‡ÑˆĞµĞ½Ğ¸Ñ:

Ğ˜ÑĞ¿Ğ¾Ğ»ÑŒĞ·ÑƒĞµÑ‚ÑÑ Bitmap Index Scan Ğ²Ğ¼ĞµÑÑ‚Ğ¾ Seq Scan

Ğ’Ñ€ĞµĞ¼Ñ Ğ²Ñ‹Ğ¿Ğ¾Ğ»Ğ½ĞµĞ½Ğ¸Ñ: 2.56 ms (Ğ² 34 Ñ€Ğ°Ğ·Ğ° Ğ±Ñ‹ÑÑ‚Ñ€ĞµĞµ!)

## ğŸ“Š ĞĞ¿Ñ‚Ğ¸Ğ¼Ğ¸Ğ·Ğ°Ñ†Ğ¸Ñ Ñ ĞºĞ¾Ğ¼Ğ¿Ğ¾Ğ·Ğ¸Ñ‚Ğ½Ñ‹Ğ¼ Ğ¸Ğ½Ğ´ĞµĞºÑĞ¾Ğ¼

### -- ĞšĞ¾Ğ¼Ğ¿Ğ¾Ğ·Ğ¸Ñ‚Ğ½Ñ‹Ğ¹ Ğ¸Ğ½Ğ´ĞµĞºÑ Ğ´Ğ»Ñ Ñ‡Ğ°ÑÑ‚Ğ¾Ğ³Ğ¾ Ğ¿Ğ°Ñ‚Ñ‚ĞµÑ€Ğ½Ğ° Ğ¿Ğ¾Ğ¸ÑĞºĞ°
CREATE INDEX idx_documents_status_author_created
ON documents(status, author, created_at DESC);

EXPLAIN (ANALYZE, BUFFERS)
SELECT * FROM documents
WHERE status = 'SUBMITTED'
AND author = 'Ğ˜Ğ²Ğ°Ğ½Ğ¾Ğ² Ğ˜.Ğ˜.'
AND created_at BETWEEN '2026-01-01' AND '2026-02-20'
ORDER BY created_at DESC;

### Index Scan using idx_documents_status_author_created on documents  
(cost=0.42..8.45 rows=1 width=200)
(actual time=0.08..0.12 rows=8 loops=1)
Index Cond: ((status = 'SUBMITTED'::text)
AND (author = 'Ğ˜Ğ²Ğ°Ğ½Ğ¾Ğ² Ğ˜.Ğ˜.'::text)
AND (created_at >= '2026-01-01'::date)
AND (created_at <= '2026-02-20'::date))
Buffers: shared hit=12
Planning Time: 0.134 ms
Execution Time: 0.18 ms
Ğ ĞµĞ·ÑƒĞ»ÑŒÑ‚Ğ°Ñ‚: 0.18 ms - Ğ¸Ğ´ĞµĞ°Ğ»ÑŒĞ½Ğ¾!

## ğŸ¯ ĞŸĞ¾ÑÑĞ½ĞµĞ½Ğ¸Ğµ Ğ¿Ğ¾ Ğ¸Ğ½Ğ´ĞµĞºÑĞ°Ğ¼
### Ğ¢Ğ¸Ğ¿Ñ‹ Ğ¸Ğ½Ğ´ĞµĞºÑĞ¾Ğ² Ğ² Ğ½Ğ°ÑˆĞµĞ¼ Ğ¿Ñ€Ğ¾ĞµĞºÑ‚Ğµ
Ğ˜Ğ½Ğ´ĞµĞºÑ	Ğ¢Ğ¸Ğ¿	ĞĞ°Ğ·Ğ½Ğ°Ñ‡ĞµĞ½Ğ¸Ğµ
idx_documents_status	B-tree (single)	Ğ‘Ñ‹ÑÑ‚Ñ€Ğ°Ñ Ñ„Ğ¸Ğ»ÑŒÑ‚Ñ€Ğ°Ñ†Ğ¸Ñ Ğ¿Ğ¾ ÑÑ‚Ğ°Ñ‚ÑƒÑÑƒ
idx_documents_author	B-tree (single)	ĞŸĞ¾Ğ¸ÑĞº Ğ¿Ğ¾ Ğ°Ğ²Ñ‚Ğ¾Ñ€Ñƒ
idx_documents_created_at	B-tree (single)	Ğ¡Ğ¾Ñ€Ñ‚Ğ¸Ñ€Ğ¾Ğ²ĞºĞ° Ğ¸ Ğ´Ğ¸Ğ°Ğ¿Ğ°Ğ·Ğ¾Ğ½ Ğ¿Ğ¾ Ğ´Ğ°Ñ‚Ğµ ÑĞ¾Ğ·Ğ´Ğ°Ğ½Ğ¸Ñ
idx_documents_updated_at	B-tree (single)	Ğ¡Ğ¾Ñ€Ñ‚Ğ¸Ñ€Ğ¾Ğ²ĞºĞ° Ğ¸ Ğ´Ğ¸Ğ°Ğ¿Ğ°Ğ·Ğ¾Ğ½ Ğ¿Ğ¾ Ğ´Ğ°Ñ‚Ğµ Ğ¾Ğ±Ğ½Ğ¾Ğ²Ğ»ĞµĞ½Ğ¸Ñ
idx_documents_status_author_created	B-tree (composite)	ĞĞ¿Ñ‚Ğ¸Ğ¼Ğ¸Ğ·Ğ°Ñ†Ğ¸Ñ Ñ‡Ğ°ÑÑ‚Ñ‹Ñ… Ğ¿Ğ¾Ğ¸ÑĞºĞ¾Ğ²
idx_history_document_id	B-tree	Foreign key lookups
uk_registry_document	Unique	Ğ—Ğ°Ğ¿Ñ€ĞµÑ‚ Ğ´ÑƒĞ±Ğ»Ğ¸Ñ€Ğ¾Ğ²Ğ°Ğ½Ğ¸Ñ ÑƒÑ‚Ğ²ĞµÑ€Ğ¶Ğ´ĞµĞ½Ğ¸Ğ¹
### ĞŸÑ€Ğ°Ğ²Ğ¸Ğ»Ğ° Ğ¸ÑĞ¿Ğ¾Ğ»ÑŒĞ·Ğ¾Ğ²Ğ°Ğ½Ğ¸Ñ Ğ¸Ğ½Ğ´ĞµĞºÑĞ¾Ğ²
#### âœ… ĞšĞ¾Ğ³Ğ´Ğ° Ğ¸Ğ½Ğ´ĞµĞºÑÑ‹ Ğ¿Ğ¾Ğ¼Ğ¾Ğ³Ğ°ÑÑ‚:
WHERE status = 'SUBMITTED' - Ñ„Ğ¸Ğ»ÑŒÑ‚Ñ€Ğ°Ñ†Ğ¸Ñ Ğ¿Ğ¾ Ñ€Ğ°Ğ²ĞµĞ½ÑÑ‚Ğ²Ñƒ

WHERE author LIKE 'Ğ˜Ğ²Ğ°Ğ½Ğ¾Ğ²%' - Ğ¿Ğ¾Ğ¸ÑĞº Ğ¿Ğ¾ Ğ½Ğ°Ñ‡Ğ°Ğ»Ñƒ ÑÑ‚Ñ€Ğ¾ĞºĞ¸ (Ğ½Ğ¾ Ğ½Ğµ %Ğ˜Ğ²Ğ°Ğ½Ğ¾Ğ²%!)

WHERE created_at BETWEEN ... - Ğ´Ğ¸Ğ°Ğ¿Ğ°Ğ·Ğ¾Ğ½Ğ½Ñ‹Ğµ Ğ·Ğ°Ğ¿Ñ€Ğ¾ÑÑ‹

ORDER BY created_at DESC - ÑĞ¾Ñ€Ñ‚Ğ¸Ñ€Ğ¾Ğ²ĞºĞ°

JOIN - ÑĞ²ÑĞ·Ğ¸ Ğ¼ĞµĞ¶Ğ´Ñƒ Ñ‚Ğ°Ğ±Ğ»Ğ¸Ñ†Ğ°Ğ¼Ğ¸

#### âŒ ĞšĞ¾Ğ³Ğ´Ğ° Ğ¸Ğ½Ğ´ĞµĞºÑÑ‹ ĞĞ• Ğ¿Ğ¾Ğ¼Ğ¾Ğ³Ğ°ÑÑ‚:
WHERE author LIKE '%Ğ˜Ğ²Ğ°Ğ½Ğ¾Ğ²%' - Ğ¿Ğ¾Ğ¸ÑĞº Ğ¿Ğ¾ ÑĞµÑ€ĞµĞ´Ğ¸Ğ½Ğµ/ĞºĞ¾Ğ½Ñ†Ñƒ ÑÑ‚Ñ€Ğ¾ĞºĞ¸

WHERE status != 'DRAFT' - Ğ½ĞµÑ€Ğ°Ğ²ĞµĞ½ÑÑ‚Ğ²Ğ¾

Ñ„ÑƒĞ½ĞºÑ†Ğ¸Ğ¸ Ğ½Ğ°Ğ´ ĞºĞ¾Ğ»Ğ¾Ğ½ĞºĞ¾Ğ¹: WHERE UPPER(author) = 'Ğ˜Ğ’ĞĞĞĞ’'

Ğ¼Ğ°Ğ»ĞµĞ½ÑŒĞºĞ¸Ğµ Ñ‚Ğ°Ğ±Ğ»Ğ¸Ñ†Ñ‹ (< 1000 ÑÑ‚Ñ€Ğ¾Ğº) - Seq Scan Ğ¼Ğ¾Ğ¶ĞµÑ‚ Ğ±Ñ‹Ñ‚ÑŒ Ğ±Ñ‹ÑÑ‚Ñ€ĞµĞµ

ĞŸĞ¾ĞºÑ€Ñ‹Ğ²Ğ°ÑÑ‰Ğ¸Ğµ Ğ¸Ğ½Ğ´ĞµĞºÑÑ‹ (Covering Index)
Ğ•ÑĞ»Ğ¸ Ñ‡Ğ°ÑÑ‚Ğ¾ Ğ·Ğ°Ğ¿Ñ€Ğ°ÑˆĞ¸Ğ²Ğ°ÑÑ‚ÑÑ Ñ‚Ğ¾Ğ»ÑŒĞºĞ¾ Ğ¾Ğ¿Ñ€ĞµĞ´ĞµĞ»ĞµĞ½Ğ½Ñ‹Ğµ ĞºĞ¾Ğ»Ğ¾Ğ½ĞºĞ¸:


### -- ĞŸĞ¾ĞºÑ€Ñ‹Ğ²Ğ°ÑÑ‰Ğ¸Ğ¹ Ğ¸Ğ½Ğ´ĞµĞºÑ (Ğ²ĞºĞ»ÑÑ‡Ğ°ĞµÑ‚ Ğ²ÑĞµ Ğ½ÑƒĞ¶Ğ½Ñ‹Ğµ ĞºĞ¾Ğ»Ğ¾Ğ½ĞºĞ¸)
CREATE INDEX idx_documents_covering
ON documents(status, author, created_at)
INCLUDE (document_number, title);
sql
EXPLAIN (ANALYZE)
SELECT document_number, title
FROM documents
WHERE status = 'APPROVED' AND author = 'Ğ˜Ğ²Ğ°Ğ½Ğ¾Ğ² Ğ˜.Ğ˜.';
text
Index Only Scan using idx_documents_covering on documents  
(cost=0.42..4.45 rows=1 width=200)
(actual time=0.05..0.08 rows=12 loops=1)
Index Cond: ((status = 'APPROVED'::text) AND (author = 'Ğ˜Ğ²Ğ°Ğ½Ğ¾Ğ² Ğ˜.Ğ˜.'::text))
Heap Fetches: 0
Buffers: shared hit=8
Execution Time: 0.09 ms
Heap Fetches: 0 - Ğ²ÑĞµ Ğ´Ğ°Ğ½Ğ½Ñ‹Ğµ Ğ¿Ğ¾Ğ»ÑƒÑ‡ĞµĞ½Ñ‹ Ğ¸Ğ· Ğ¸Ğ½Ğ´ĞµĞºÑĞ°, Ğ¾Ğ±Ñ€Ğ°Ñ‰ĞµĞ½Ğ¸Ñ Ğº Ñ‚Ğ°Ğ±Ğ»Ğ¸Ñ†Ğµ Ğ½Ğµ Ğ±Ñ‹Ğ»Ğ¾!

## ğŸ“ˆ Ğ¡Ñ‚Ğ°Ñ‚Ğ¸ÑÑ‚Ğ¸ĞºĞ° Ğ¸ÑĞ¿Ğ¾Ğ»ÑŒĞ·Ğ¾Ğ²Ğ°Ğ½Ğ¸Ñ Ğ¸Ğ½Ğ´ĞµĞºÑĞ¾Ğ²

### -- Ğ¡Ñ‚Ğ°Ñ‚Ğ¸ÑÑ‚Ğ¸ĞºĞ° Ğ¸ÑĞ¿Ğ¾Ğ»ÑŒĞ·Ğ¾Ğ²Ğ°Ğ½Ğ¸Ñ Ğ¸Ğ½Ğ´ĞµĞºÑĞ¾Ğ² Ğ² PostgreSQL
SELECT
schemaname,
tablename,
indexname,
idx_scan as number_of_scans,
idx_tup_read as tuples_read,
idx_tup_fetch as tuples_fetched
FROM pg_stat_user_indexes
WHERE tablename = 'documents'
ORDER BY idx_scan DESC;
indexname	idx_scan	idx_tup_read	ĞŸÑ€Ğ¸Ğ¼ĞµÑ‡Ğ°Ğ½Ğ¸Ğµ
idx_documents_status	15420	45230	Ğ¡Ğ°Ğ¼Ñ‹Ğ¹ Ñ‡Ğ°ÑÑ‚Ñ‹Ğ¹
idx_documents_author	8760	12340	Ğ¢Ğ¾Ğ¶Ğµ Ñ‡Ğ°ÑÑ‚Ğ¾
idx_documents_created_at	5430	8760	Ğ ĞµĞ´Ğ¶Ğµ
idx_documents_status_author_created	4320	12560	ĞĞ¿Ñ‚Ğ¸Ğ¼Ğ°Ğ»ÑŒĞ½Ñ‹Ğ¹
ğŸ”§ Ğ ĞµĞºĞ¾Ğ¼ĞµĞ½Ğ´Ğ°Ñ†Ğ¸Ğ¸ Ğ¿Ğ¾ Ğ½Ğ°ÑÑ‚Ñ€Ğ¾Ğ¹ĞºĞµ
Ğ”Ğ»Ñ Ğ½Ğ°ÑˆĞµĞ³Ğ¾ ÑĞµÑ€Ğ²Ğ¸ÑĞ°:
Ğ˜Ğ½Ğ´ĞµĞºÑÑ‹ Ğ´Ğ»Ñ Ğ¿Ğ¾Ğ¸ÑĞºĞ°:


### -- ĞĞ±ÑĞ·Ğ°Ñ‚ĞµĞ»ÑŒĞ½Ñ‹Ğµ Ğ¸Ğ½Ğ´ĞµĞºÑÑ‹
CREATE INDEX idx_documents_status ON documents(status);
CREATE INDEX idx_documents_author ON documents(author);
CREATE INDEX idx_documents_created_at ON documents(created_at);

### -- Ğ”Ğ»Ñ ÑĞ¾Ñ€Ñ‚Ğ¸Ñ€Ğ¾Ğ²ĞºĞ¸
CREATE INDEX idx_documents_created_at_desc ON documents(created_at DESC);
Ğ”Ğ»Ñ Ğ²Ğ½ĞµÑˆĞ½Ğ¸Ñ… ĞºĞ»ÑÑ‡ĞµĞ¹:


CREATE INDEX idx_history_document_id ON document_history(document_id);
-- (ÑƒĞ¶Ğµ ĞµÑÑ‚ÑŒ Ğ² Ğ¼Ğ¸Ğ³Ñ€Ğ°Ñ†Ğ¸ÑÑ…)
Ğ”Ğ»Ñ ÑƒĞ½Ğ¸ĞºĞ°Ğ»ÑŒĞ½Ğ¾ÑÑ‚Ğ¸:

CREATE UNIQUE INDEX uk_documents_number ON documents(document_number);
-- (ÑƒĞ¶Ğµ ĞµÑÑ‚ÑŒ Ğ² Ğ¼Ğ¸Ğ³Ñ€Ğ°Ñ†Ğ¸ÑÑ…)
### ĞœĞ¾Ğ½Ğ¸Ñ‚Ğ¾Ñ€Ğ¸Ğ½Ğ³ Ğ½ĞµĞ¸ÑĞ¿Ğ¾Ğ»ÑŒĞ·ÑƒĞµĞ¼Ñ‹Ñ… Ğ¸Ğ½Ğ´ĞµĞºÑĞ¾Ğ²:
sql
SELECT
indexrelid::regclass as index_name,
relid::regclass as table_name,
idx_scan as index_scans
FROM pg_stat_user_indexes
WHERE idx_scan = 0  -- Ğ½Ğ¸ĞºĞ¾Ğ³Ğ´Ğ° Ğ½Ğµ Ğ¸ÑĞ¿Ğ¾Ğ»ÑŒĞ·Ğ¾Ğ²Ğ°Ğ»ÑÑ
AND schemaname = 'public';
Ğ Ğ°Ğ·Ğ¼ĞµÑ€ Ğ¸Ğ½Ğ´ĞµĞºÑĞ¾Ğ²:
sql
SELECT
indexname,
pg_size_pretty(pg_relation_size(indexname::regclass)) as size
FROM pg_indexes
WHERE tablename = 'documents';
âœ… Ğ˜Ñ‚Ğ¾Ğ³
Ğ”Ğ¾ Ğ¸Ğ½Ğ´ĞµĞºÑĞ¾Ğ²: Ğ¿Ğ¾Ğ¸ÑĞº ~ 87 ms

Ğ¡ Ğ¿Ñ€Ğ¾ÑÑ‚Ñ‹Ğ¼Ğ¸ Ğ¸Ğ½Ğ´ĞµĞºÑĞ°Ğ¼Ğ¸: Ğ¿Ğ¾Ğ¸ÑĞº ~ 2.5 ms (ğŸ“‰ Ğ² 35 Ñ€Ğ°Ğ· Ğ±Ñ‹ÑÑ‚Ñ€ĞµĞµ)

Ğ¡ ĞºĞ¾Ğ¼Ğ¿Ğ¾Ğ·Ğ¸Ñ‚Ğ½Ñ‹Ğ¼ Ğ¸Ğ½Ğ´ĞµĞºÑĞ¾Ğ¼: Ğ¿Ğ¾Ğ¸ÑĞº ~ 0.18 ms (ğŸ“‰ Ğ² 480 Ñ€Ğ°Ğ· Ğ±Ñ‹ÑÑ‚Ñ€ĞµĞµ!)

Ğ¡ Ğ¿Ğ¾ĞºÑ€Ñ‹Ğ²Ğ°ÑÑ‰Ğ¸Ğ¼ Ğ¸Ğ½Ğ´ĞµĞºÑĞ¾Ğ¼: Ğ¿Ğ¾Ğ¸ÑĞº ~ 0.09 ms (ğŸ“‰ Ğ² 966 Ñ€Ğ°Ğ· Ğ±Ñ‹ÑÑ‚Ñ€ĞµĞµ!)

#### ĞŸÑ€Ğ°Ğ²Ğ¸Ğ»ÑŒĞ½Ñ‹Ğµ Ğ¸Ğ½Ğ´ĞµĞºÑÑ‹ - ĞºĞ»ÑÑ‡ Ğº Ğ¿Ñ€Ğ¾Ğ¸Ğ·Ğ²Ğ¾Ğ´Ğ¸Ñ‚ĞµĞ»ÑŒĞ½Ğ¾ÑÑ‚Ğ¸!

